Flutter crash report.
Please report a bug at https://github.com/flutter/flutter/issues.

## command

flutter run

## exception

ExistingDartDevelopmentServiceException: DartDevelopmentServiceException: JSON-RPC error 100: Feature is disabled. data: Existing VM service clients prevent DDS from taking control.

```
#0      DartDevelopmentServiceImpl._startDDSServer (package:dds/src/dds_impl.dart:227:7)
<asynchronous suspension>
#1      DartDevelopmentServiceImpl.startService (package:dds/src/dds_impl.dart:119:7)
<asynchronous suspension>
#2      DartDevelopmentService.startDartDevelopmentService (package:dds/dds.dart:97:5)
<asynchronous suspension>
#3      DebugService.startDartDevelopmentService (package:dwds/src/services/debug_service.dart:165:12)
<asynchronous suspension>
#4      DevHandler._createAppDebugServices (package:dwds/src/handlers/dev_handler.dart:510:7)
<asynchronous suspension>
#5      DevHandler.loadAppServices (package:dwds/src/handlers/dev_handler.dart:237:21)
<asynchronous suspension>
#6      Dwds.debugConnection (package:dwds/dart_web_debug_service.dart:60:30)
<asynchronous suspension>
#7      WebDevFS.connect.<anonymous closure> (package:flutter_tools/src/isolated/devfs_web.dart:715:15)
<asynchronous suspension>
```

## flutter doctor

```
[32m[✓][39m Flutter (Channel stable, 3.16.7, on Microsoft Windows [Version 10.0.22631.3593], locale en-US)
    [32m•[39m Flutter version 3.16.7 on channel stable at C:\src\flutter
    [32m•[39m Upstream repository https://github.com/flutter/flutter.git
    [32m•[39m Framework revision ef1af02aea (5 months ago), 2024-01-11 15:19:26 -0600
    [32m•[39m Engine revision 4a585b7929
    [32m•[39m Dart version 3.2.4
    [32m•[39m DevTools version 2.28.5

[32m[✓][39m Windows Version (Installed version of Windows is version 10 or higher)

[32m[✓][39m Android toolchain - develop for Android devices (Android SDK version 34.0.0)
    [32m•[39m Android SDK at C:\Users\baimo\AppData\Local\Android\sdk
    [32m•[39m Platform android-34, build-tools 34.0.0
    [32m•[39m Java binary at: C:\Program Files\Android\Android Studio\jbr\bin\java
    [32m•[39m Java version OpenJDK Runtime Environment (build 17.0.7+0-b2043.56-10550314)
    [32m•[39m All Android licenses accepted.

[32m[✓][39m Chrome - develop for the web
    [32m•[39m Chrome at C:\Program Files\Google\Chrome\Application\chrome.exe

[33m[!][39m Visual Studio - develop Windows apps (Visual Studio Community 2022 17.8.4)
    [32m•[39m Visual Studio at C:\Program Files\Microsoft Visual Studio\2022\Community
    [32m•[39m Visual Studio Community 2022 version 17.8.34408.163
    [32m•[39m Windows 10 SDK version 10.0.22621.0
    [31m✗[39m Visual Studio is missing necessary components. Please re-run the Visual Studio installer for the "Desktop development with
      C++" workload, and include these components:
        MSVC v142 - VS 2019 C++ x64/x86 build tools
         - If there are multiple build tool versions available, install the latest
        C++ CMake tools for Windows
        Windows 10 SDK

[32m[✓][39m Android Studio (version 2023.1)
    [32m•[39m Android Studio at C:\Program Files\Android\Android Studio
    [32m•[39m Flutter plugin can be installed from:
      🔨 https://plugins.jetbrains.com/plugin/9212-flutter
    [32m•[39m Dart plugin can be installed from:
      🔨 https://plugins.jetbrains.com/plugin/6351-dart
    [32m•[39m Java version OpenJDK Runtime Environment (build 17.0.7+0-b2043.56-10550314)

[32m[✓][39m VS Code (version 1.89.1)
    [32m•[39m VS Code at C:\Users\baimo\AppData\Local\Programs\Microsoft VS Code
    [32m•[39m Flutter extension version 3.90.0

[32m[✓][39m Connected device (3 available)
    [32m•[39m Windows (desktop) • windows • windows-x64    • Microsoft Windows [Version 10.0.22631.3593]
    [32m•[39m Chrome (web)      • chrome  • web-javascript • Google Chrome 125.0.6422.113
    [32m•[39m Edge (web)        • edge    • web-javascript • Microsoft Edge 125.0.2535.79

[32m[✓][39m Network resources
    [32m•[39m All expected network resources are available.

[33m![39m Doctor found issues in 1 category.
```
